2024-09-18 02:26:14,268 CRIT Supervisor is running as root.  Privileges were not dropped because no user is specified in the config file.  If you intend to run as root, you can set user=root in the config file to avoid this message.
2024-09-18 02:26:14,275 INFO supervisord started with pid 1
2024-09-18 02:26:15,284 INFO spawned: 'cron' with pid 7
2024-09-18 02:26:15,290 INFO spawned: 'php-fpm' with pid 8
2024-09-18 02:26:16,385 INFO success: cron entered RUNNING state, process has stayed up for > than 1 seconds (startsecs)
2024-09-18 02:26:16,386 INFO success: php-fpm entered RUNNING state, process has stayed up for > than 1 seconds (startsecs)
2024-09-18 02:27:25,535 WARN received SIGQUIT indicating exit request
2024-09-18 02:27:25,537 INFO waiting for cron, php-fpm to die
2024-09-18 02:27:25,544 INFO stopped: php-fpm (exit status 0)
2024-09-18 02:27:25,546 WARN stopped: cron (terminated by SIGTERM)
2024-09-18 02:27:59,387 CRIT Supervisor is running as root.  Privileges were not dropped because no user is specified in the config file.  If you intend to run as root, you can set user=root in the config file to avoid this message.
2024-09-18 02:27:59,398 INFO supervisord started with pid 1
2024-09-18 02:28:00,402 INFO spawned: 'cron' with pid 7
2024-09-18 02:28:00,405 INFO spawned: 'php-fpm' with pid 8
2024-09-18 02:28:01,463 INFO success: cron entered RUNNING state, process has stayed up for > than 1 seconds (startsecs)
2024-09-18 02:28:01,473 INFO success: php-fpm entered RUNNING state, process has stayed up for > than 1 seconds (startsecs)
2024-09-18 02:28:19,509 WARN received SIGQUIT indicating exit request
2024-09-18 02:28:19,510 INFO waiting for cron, php-fpm to die
2024-09-18 02:28:19,520 INFO stopped: php-fpm (exit status 0)
2024-09-18 02:28:19,521 WARN stopped: cron (terminated by SIGTERM)
